
code.elf:     file format elf32-avr


Disassembly of section .text:

00000000 <__vectors>:
   0:	0c 94 24 01 	jmp	0x248	; 0x248 <__ctors_end>
   4:	0c 94 41 01 	jmp	0x282	; 0x282 <__bad_interrupt>
   8:	0c 94 41 01 	jmp	0x282	; 0x282 <__bad_interrupt>
   c:	0c 94 41 01 	jmp	0x282	; 0x282 <__bad_interrupt>
  10:	0c 94 41 01 	jmp	0x282	; 0x282 <__bad_interrupt>
  14:	0c 94 41 01 	jmp	0x282	; 0x282 <__bad_interrupt>
  18:	0c 94 41 01 	jmp	0x282	; 0x282 <__bad_interrupt>
  1c:	0c 94 41 01 	jmp	0x282	; 0x282 <__bad_interrupt>
  20:	0c 94 41 01 	jmp	0x282	; 0x282 <__bad_interrupt>
  24:	0c 94 41 01 	jmp	0x282	; 0x282 <__bad_interrupt>
  28:	0c 94 41 01 	jmp	0x282	; 0x282 <__bad_interrupt>
  2c:	0c 94 07 02 	jmp	0x40e	; 0x40e <__vector_11>
  30:	0c 94 41 01 	jmp	0x282	; 0x282 <__bad_interrupt>
  34:	0c 94 41 01 	jmp	0x282	; 0x282 <__bad_interrupt>
  38:	0c 94 41 01 	jmp	0x282	; 0x282 <__bad_interrupt>
  3c:	0c 94 41 01 	jmp	0x282	; 0x282 <__bad_interrupt>
  40:	0c 94 41 01 	jmp	0x282	; 0x282 <__bad_interrupt>
  44:	0c 94 41 01 	jmp	0x282	; 0x282 <__bad_interrupt>
  48:	0c 94 41 01 	jmp	0x282	; 0x282 <__bad_interrupt>
  4c:	0c 94 41 01 	jmp	0x282	; 0x282 <__bad_interrupt>
  50:	0c 94 41 01 	jmp	0x282	; 0x282 <__bad_interrupt>
  54:	0c 94 41 01 	jmp	0x282	; 0x282 <__bad_interrupt>
  58:	0c 94 41 01 	jmp	0x282	; 0x282 <__bad_interrupt>
  5c:	0c 94 41 01 	jmp	0x282	; 0x282 <__bad_interrupt>
  60:	0c 94 41 01 	jmp	0x282	; 0x282 <__bad_interrupt>
  64:	0c 94 41 01 	jmp	0x282	; 0x282 <__bad_interrupt>

00000068 <CHARSET>:
  68:	00 00 00 00 00 00 00 5f 00 00 00 07 00 07 00 14     ......._........
  78:	7f 14 7f 14 24 2a 7f 2a 12 23 13 08 64 62 36 49     ....$*.*.#..db6I
  88:	55 22 50 00 05 03 00 00 00 1c 22 41 00 00 41 22     U"P......."A..A"
  98:	1c 00 14 08 3e 08 14 08 08 3e 08 08 00 50 30 00     ....>....>...P0.
  a8:	00 08 08 08 08 08 00 60 60 00 00 20 10 08 04 02     .......``.. ....
  b8:	3e 51 49 45 3e 00 42 7f 40 00 42 61 51 49 46 21     >QIE>.B.@.BaQIF!
  c8:	41 45 4b 31 18 14 12 7f 10 27 45 45 45 39 3c 4a     AEK1.....'EEE9<J
  d8:	49 49 30 01 71 09 05 03 36 49 49 49 36 06 49 49     II0.q...6III6.II
  e8:	29 1e 00 36 36 00 00 00 56 36 00 00 08 14 22 41     )..66...V6...."A
  f8:	00 14 14 14 14 14 00 41 22 14 08 02 01 51 09 06     .......A"....Q..
 108:	32 49 79 41 3e 7e 11 11 11 7e 7f 49 49 49 36 3e     2IyA>~...~.III6>
 118:	41 41 41 22 7f 41 41 22 1c 7f 49 49 49 41 7f 09     AAA".AA"..IIIA..
 128:	09 09 01 3e 41 49 49 7a 7f 08 08 08 7f 00 41 7f     ...>AIIz......A.
 138:	41 00 20 40 41 3f 01 7f 08 14 22 41 7f 40 40 40     A. @A?...."A.@@@
 148:	40 7f 02 0c 02 7f 7f 04 08 10 7f 3e 41 41 41 3e     @..........>AAA>
 158:	7f 09 09 09 06 3e 41 51 21 5e 7f 09 19 29 46 46     .....>AQ!^...)FF
 168:	49 49 49 31 01 01 7f 01 01 3f 40 40 40 3f 1f 20     III1.....?@@@?. 
 178:	40 20 1f 3f 40 38 40 3f 63 14 08 14 63 07 08 70     @ .?@8@?c...c..p
 188:	08 07 61 51 49 45 43 00 7f 41 41 00 02 04 08 10     ..aQIEC..AA.....
 198:	20 00 41 41 7f 00 04 02 01 02 04 40 40 40 40 40      .AA.......@@@@@
 1a8:	00 01 02 04 00 20 54 54 54 78 7f 48 44 44 38 38     ..... TTTx.HDD88
 1b8:	44 44 44 20 38 44 44 48 7f 38 54 54 54 18 08 7e     DDD 8DDH.8TTT..~
 1c8:	09 01 02 0c 52 52 52 3e 7f 08 04 04 78 00 44 7d     ....RRR>....x.D}
 1d8:	40 00 20 40 44 3d 00 7f 10 28 44 00 00 41 7f 40     @. @D=...(D..A.@
 1e8:	00 7c 04 18 04 78 7c 08 04 04 78 38 44 44 44 38     .|...x|...x8DDD8
 1f8:	7c 14 14 14 08 08 14 14 18 7c 7c 08 04 04 08 48     |........||....H
 208:	54 54 54 20 04 3f 44 40 20 3c 40 40 20 7c 1c 20     TTT .?D@ <@@ |. 
 218:	40 20 1c 3c 40 30 40 3c 44 28 10 28 44 0c 50 50     @ .<@0@<D(.(D.PP
 228:	50 3c 44 64 54 4c 44 00 08 36 41 00 00 00 7f 00     P<DdTLD..6A.....
 238:	00 00 41 36 08 00 10 08 08 10 08 00 00 00 00 00     ..A6............

00000248 <__ctors_end>:
 248:	11 24       	eor	r1, r1
 24a:	1f be       	out	0x3f, r1	; 63
 24c:	cf ef       	ldi	r28, 0xFF	; 255
 24e:	d8 e0       	ldi	r29, 0x08	; 8
 250:	de bf       	out	0x3e, r29	; 62
 252:	cd bf       	out	0x3d, r28	; 61

00000254 <__do_copy_data>:
 254:	11 e0       	ldi	r17, 0x01	; 1
 256:	a0 e0       	ldi	r26, 0x00	; 0
 258:	b1 e0       	ldi	r27, 0x01	; 1
 25a:	ec e6       	ldi	r30, 0x6C	; 108
 25c:	fe e0       	ldi	r31, 0x0E	; 14
 25e:	02 c0       	rjmp	.+4      	; 0x264 <__do_copy_data+0x10>
 260:	05 90       	lpm	r0, Z+
 262:	0d 92       	st	X+, r0
 264:	a4 31       	cpi	r26, 0x14	; 20
 266:	b1 07       	cpc	r27, r17
 268:	d9 f7       	brne	.-10     	; 0x260 <__do_copy_data+0xc>

0000026a <__do_clear_bss>:
 26a:	23 e0       	ldi	r18, 0x03	; 3
 26c:	a4 e1       	ldi	r26, 0x14	; 20
 26e:	b1 e0       	ldi	r27, 0x01	; 1
 270:	01 c0       	rjmp	.+2      	; 0x274 <.do_clear_bss_start>

00000272 <.do_clear_bss_loop>:
 272:	1d 92       	st	X+, r1

00000274 <.do_clear_bss_start>:
 274:	ac 35       	cpi	r26, 0x5C	; 92
 276:	b2 07       	cpc	r27, r18
 278:	e1 f7       	brne	.-8      	; 0x272 <.do_clear_bss_loop>
 27a:	0e 94 2a 04 	call	0x854	; 0x854 <main>
 27e:	0c 94 34 07 	jmp	0xe68	; 0xe68 <_exit>

00000282 <__bad_interrupt>:
 282:	0c 94 00 00 	jmp	0	; 0x0 <__vectors>

00000286 <start>:
 286:	68 5e       	subi	r22, 0xE8	; 232
 288:	41 e0       	ldi	r20, 0x01	; 1
 28a:	86 5d       	subi	r24, 0xD6	; 214
 28c:	0c 94 42 03 	jmp	0x684	; 0x684 <nokia_lcd_set_pixel>

00000290 <desenhaBorda>:
 290:	cf 93       	push	r28
 292:	c0 e0       	ldi	r28, 0x00	; 0
 294:	41 e0       	ldi	r20, 0x01	; 1
 296:	60 e0       	ldi	r22, 0x00	; 0
 298:	8c 2f       	mov	r24, r28
 29a:	0e 94 42 03 	call	0x684	; 0x684 <nokia_lcd_set_pixel>
 29e:	41 e0       	ldi	r20, 0x01	; 1
 2a0:	6f e2       	ldi	r22, 0x2F	; 47
 2a2:	8c 2f       	mov	r24, r28
 2a4:	0e 94 42 03 	call	0x684	; 0x684 <nokia_lcd_set_pixel>
 2a8:	cf 5f       	subi	r28, 0xFF	; 255
 2aa:	c3 35       	cpi	r28, 0x53	; 83
 2ac:	99 f7       	brne	.-26     	; 0x294 <desenhaBorda+0x4>
 2ae:	c0 e0       	ldi	r28, 0x00	; 0
 2b0:	41 e0       	ldi	r20, 0x01	; 1
 2b2:	6c 2f       	mov	r22, r28
 2b4:	80 e0       	ldi	r24, 0x00	; 0
 2b6:	0e 94 42 03 	call	0x684	; 0x684 <nokia_lcd_set_pixel>
 2ba:	41 e0       	ldi	r20, 0x01	; 1
 2bc:	6c 2f       	mov	r22, r28
 2be:	83 e5       	ldi	r24, 0x53	; 83
 2c0:	0e 94 42 03 	call	0x684	; 0x684 <nokia_lcd_set_pixel>
 2c4:	cf 5f       	subi	r28, 0xFF	; 255
 2c6:	c4 35       	cpi	r28, 0x54	; 84
 2c8:	99 f7       	brne	.-26     	; 0x2b0 <desenhaBorda+0x20>
 2ca:	cf 91       	pop	r28
 2cc:	08 95       	ret

000002ce <newNodo>:
 2ce:	0f 93       	push	r16
 2d0:	1f 93       	push	r17
 2d2:	cf 93       	push	r28
 2d4:	df 93       	push	r29
 2d6:	8c 01       	movw	r16, r24
 2d8:	eb 01       	movw	r28, r22
 2da:	86 e0       	ldi	r24, 0x06	; 6
 2dc:	90 e0       	ldi	r25, 0x00	; 0
 2de:	0e 94 28 05 	call	0xa50	; 0xa50 <malloc>
 2e2:	fc 01       	movw	r30, r24
 2e4:	11 83       	std	Z+1, r17	; 0x01
 2e6:	00 83       	st	Z, r16
 2e8:	d3 83       	std	Z+3, r29	; 0x03
 2ea:	c2 83       	std	Z+2, r28	; 0x02
 2ec:	15 82       	std	Z+5, r1	; 0x05
 2ee:	14 82       	std	Z+4, r1	; 0x04
 2f0:	df 91       	pop	r29
 2f2:	cf 91       	pop	r28
 2f4:	1f 91       	pop	r17
 2f6:	0f 91       	pop	r16
 2f8:	08 95       	ret

000002fa <insert>:
 2fa:	cf 93       	push	r28
 2fc:	df 93       	push	r29
 2fe:	ec 01       	movw	r28, r24
 300:	cb 01       	movw	r24, r22
 302:	ba 01       	movw	r22, r20
 304:	0e 94 67 01 	call	0x2ce	; 0x2ce <newNodo>
 308:	28 81       	ld	r18, Y
 30a:	39 81       	ldd	r19, Y+1	; 0x01
 30c:	23 2b       	or	r18, r19
 30e:	39 f4       	brne	.+14     	; 0x31e <insert+0x24>
 310:	9b 83       	std	Y+3, r25	; 0x03
 312:	8a 83       	std	Y+2, r24	; 0x02
 314:	99 83       	std	Y+1, r25	; 0x01
 316:	88 83       	st	Y, r24
 318:	df 91       	pop	r29
 31a:	cf 91       	pop	r28
 31c:	08 95       	ret
 31e:	ea 81       	ldd	r30, Y+2	; 0x02
 320:	fb 81       	ldd	r31, Y+3	; 0x03
 322:	95 83       	std	Z+5, r25	; 0x05
 324:	84 83       	std	Z+4, r24	; 0x04
 326:	9b 83       	std	Y+3, r25	; 0x03
 328:	8a 83       	std	Y+2, r24	; 0x02
 32a:	f6 cf       	rjmp	.-20     	; 0x318 <insert+0x1e>

0000032c <insertTest>:
 32c:	ef 92       	push	r14
 32e:	ff 92       	push	r15
 330:	0f 93       	push	r16
 332:	1f 93       	push	r17
 334:	cf 93       	push	r28
 336:	df 93       	push	r29
 338:	ec 01       	movw	r28, r24
 33a:	7b 01       	movw	r14, r22
 33c:	8a 01       	movw	r16, r20
 33e:	0e 94 7d 01 	call	0x2fa	; 0x2fa <insert>
 342:	aa 81       	ldd	r26, Y+2	; 0x02
 344:	bb 81       	ldd	r27, Y+3	; 0x03
 346:	e8 81       	ld	r30, Y
 348:	f9 81       	ldd	r31, Y+1	; 0x01
 34a:	ea 17       	cp	r30, r26
 34c:	fb 07       	cpc	r31, r27
 34e:	b9 f4       	brne	.+46     	; 0x37e <insertTest+0x52>
 350:	80 91 08 01 	lds	r24, 0x0108	; 0x800108 <frutaX>
 354:	90 91 09 01 	lds	r25, 0x0109	; 0x800109 <frutaX+0x1>
 358:	8e 15       	cp	r24, r14
 35a:	9f 05       	cpc	r25, r15
 35c:	41 f5       	brne	.+80     	; 0x3ae <insertTest+0x82>
 35e:	80 91 06 01 	lds	r24, 0x0106	; 0x800106 <frutaY>
 362:	90 91 07 01 	lds	r25, 0x0107	; 0x800107 <frutaY+0x1>
 366:	80 17       	cp	r24, r16
 368:	91 07       	cpc	r25, r17
 36a:	09 f5       	brne	.+66     	; 0x3ae <insertTest+0x82>
 36c:	82 e0       	ldi	r24, 0x02	; 2
 36e:	90 e0       	ldi	r25, 0x00	; 0
 370:	df 91       	pop	r29
 372:	cf 91       	pop	r28
 374:	1f 91       	pop	r17
 376:	0f 91       	pop	r16
 378:	ff 90       	pop	r15
 37a:	ef 90       	pop	r14
 37c:	08 95       	ret
 37e:	20 81       	ld	r18, Z
 380:	31 81       	ldd	r19, Z+1	; 0x01
 382:	8d 91       	ld	r24, X+
 384:	9c 91       	ld	r25, X
 386:	11 97       	sbiw	r26, 0x01	; 1
 388:	28 17       	cp	r18, r24
 38a:	39 07       	cpc	r19, r25
 38c:	49 f4       	brne	.+18     	; 0x3a0 <insertTest+0x74>
 38e:	22 81       	ldd	r18, Z+2	; 0x02
 390:	33 81       	ldd	r19, Z+3	; 0x03
 392:	12 96       	adiw	r26, 0x02	; 2
 394:	8d 91       	ld	r24, X+
 396:	9c 91       	ld	r25, X
 398:	13 97       	sbiw	r26, 0x03	; 3
 39a:	28 17       	cp	r18, r24
 39c:	39 07       	cpc	r19, r25
 39e:	21 f0       	breq	.+8      	; 0x3a8 <insertTest+0x7c>
 3a0:	04 80       	ldd	r0, Z+4	; 0x04
 3a2:	f5 81       	ldd	r31, Z+5	; 0x05
 3a4:	e0 2d       	mov	r30, r0
 3a6:	d1 cf       	rjmp	.-94     	; 0x34a <insertTest+0x1e>
 3a8:	90 e0       	ldi	r25, 0x00	; 0
 3aa:	80 e0       	ldi	r24, 0x00	; 0
 3ac:	e1 cf       	rjmp	.-62     	; 0x370 <insertTest+0x44>
 3ae:	81 e0       	ldi	r24, 0x01	; 1
 3b0:	90 e0       	ldi	r25, 0x00	; 0
 3b2:	de cf       	rjmp	.-68     	; 0x370 <insertTest+0x44>

000003b4 <removeNodo>:
 3b4:	0f 93       	push	r16
 3b6:	1f 93       	push	r17
 3b8:	cf 93       	push	r28
 3ba:	df 93       	push	r29
 3bc:	ec 01       	movw	r28, r24
 3be:	88 81       	ld	r24, Y
 3c0:	99 81       	ldd	r25, Y+1	; 0x01
 3c2:	00 97       	sbiw	r24, 0x00	; 0
 3c4:	59 f0       	breq	.+22     	; 0x3dc <removeNodo+0x28>
 3c6:	fc 01       	movw	r30, r24
 3c8:	04 81       	ldd	r16, Z+4	; 0x04
 3ca:	15 81       	ldd	r17, Z+5	; 0x05
 3cc:	0e 94 be 05 	call	0xb7c	; 0xb7c <free>
 3d0:	19 83       	std	Y+1, r17	; 0x01
 3d2:	08 83       	st	Y, r16
 3d4:	01 2b       	or	r16, r17
 3d6:	11 f4       	brne	.+4      	; 0x3dc <removeNodo+0x28>
 3d8:	1b 82       	std	Y+3, r1	; 0x03
 3da:	1a 82       	std	Y+2, r1	; 0x02
 3dc:	df 91       	pop	r29
 3de:	cf 91       	pop	r28
 3e0:	1f 91       	pop	r17
 3e2:	0f 91       	pop	r16
 3e4:	08 95       	ret

000003e6 <printa>:
 3e6:	cf 93       	push	r28
 3e8:	df 93       	push	r29
 3ea:	fc 01       	movw	r30, r24
 3ec:	c0 81       	ld	r28, Z
 3ee:	d1 81       	ldd	r29, Z+1	; 0x01
 3f0:	20 97       	sbiw	r28, 0x00	; 0
 3f2:	19 f4       	brne	.+6      	; 0x3fa <printa+0x14>
 3f4:	df 91       	pop	r29
 3f6:	cf 91       	pop	r28
 3f8:	08 95       	ret
 3fa:	6a 81       	ldd	r22, Y+2	; 0x02
 3fc:	7b 81       	ldd	r23, Y+3	; 0x03
 3fe:	88 81       	ld	r24, Y
 400:	99 81       	ldd	r25, Y+1	; 0x01
 402:	0e 94 43 01 	call	0x286	; 0x286 <start>
 406:	0c 80       	ldd	r0, Y+4	; 0x04
 408:	dd 81       	ldd	r29, Y+5	; 0x05
 40a:	c0 2d       	mov	r28, r0
 40c:	f1 cf       	rjmp	.-30     	; 0x3f0 <printa+0xa>

0000040e <__vector_11>:
 40e:	1f 92       	push	r1
 410:	0f 92       	push	r0
 412:	0f b6       	in	r0, 0x3f	; 63
 414:	0f 92       	push	r0
 416:	11 24       	eor	r1, r1
 418:	2f 93       	push	r18
 41a:	3f 93       	push	r19
 41c:	4f 93       	push	r20
 41e:	5f 93       	push	r21
 420:	6f 93       	push	r22
 422:	7f 93       	push	r23
 424:	8f 93       	push	r24
 426:	9f 93       	push	r25
 428:	af 93       	push	r26
 42a:	bf 93       	push	r27
 42c:	ef 93       	push	r30
 42e:	ff 93       	push	r31
 430:	0e 94 26 03 	call	0x64c	; 0x64c <nokia_lcd_clear>
 434:	0e 94 48 01 	call	0x290	; 0x290 <desenhaBorda>
 438:	80 91 1a 01 	lds	r24, 0x011A	; 0x80011a <terminou>
 43c:	90 91 1b 01 	lds	r25, 0x011B	; 0x80011b <terminou+0x1>
 440:	89 2b       	or	r24, r25
 442:	09 f0       	breq	.+2      	; 0x446 <__vector_11+0x38>
 444:	44 c0       	rjmp	.+136    	; 0x4ce <__vector_11+0xc0>
 446:	20 91 02 01 	lds	r18, 0x0102	; 0x800102 <x>
 44a:	30 91 03 01 	lds	r19, 0x0103	; 0x800103 <x+0x1>
 44e:	80 91 04 01 	lds	r24, 0x0104	; 0x800104 <vx>
 452:	90 91 05 01 	lds	r25, 0x0105	; 0x800105 <vx+0x1>
 456:	28 0f       	add	r18, r24
 458:	39 1f       	adc	r19, r25
 45a:	30 93 03 01 	sts	0x0103, r19	; 0x800103 <x+0x1>
 45e:	20 93 02 01 	sts	0x0102, r18	; 0x800102 <x>
 462:	80 91 00 01 	lds	r24, 0x0100	; 0x800100 <y>
 466:	90 91 01 01 	lds	r25, 0x0101	; 0x800101 <y+0x1>
 46a:	40 91 1c 01 	lds	r20, 0x011C	; 0x80011c <vy>
 46e:	50 91 1d 01 	lds	r21, 0x011D	; 0x80011d <vy+0x1>
 472:	84 0f       	add	r24, r20
 474:	95 1f       	adc	r25, r21
 476:	90 93 01 01 	sts	0x0101, r25	; 0x800101 <y+0x1>
 47a:	80 93 00 01 	sts	0x0100, r24	; 0x800100 <y>
 47e:	28 32       	cpi	r18, 0x28	; 40
 480:	31 05       	cpc	r19, r1
 482:	b4 f1       	brlt	.+108    	; 0x4f0 <__vector_11+0xe2>
 484:	27 e2       	ldi	r18, 0x27	; 39
 486:	30 e0       	ldi	r19, 0x00	; 0
 488:	30 93 03 01 	sts	0x0103, r19	; 0x800103 <x+0x1>
 48c:	20 93 02 01 	sts	0x0102, r18	; 0x800102 <x>
 490:	86 31       	cpi	r24, 0x16	; 22
 492:	91 05       	cpc	r25, r1
 494:	9c f1       	brlt	.+102    	; 0x4fc <__vector_11+0xee>
 496:	85 e1       	ldi	r24, 0x15	; 21
 498:	90 e0       	ldi	r25, 0x00	; 0
 49a:	90 93 01 01 	sts	0x0101, r25	; 0x800101 <y+0x1>
 49e:	80 93 00 01 	sts	0x0100, r24	; 0x800100 <y>
 4a2:	40 91 00 01 	lds	r20, 0x0100	; 0x800100 <y>
 4a6:	50 91 01 01 	lds	r21, 0x0101	; 0x800101 <y+0x1>
 4aa:	60 91 02 01 	lds	r22, 0x0102	; 0x800102 <x>
 4ae:	70 91 03 01 	lds	r23, 0x0103	; 0x800103 <x+0x1>
 4b2:	84 e1       	ldi	r24, 0x14	; 20
 4b4:	91 e0       	ldi	r25, 0x01	; 1
 4b6:	0e 94 96 01 	call	0x32c	; 0x32c <insertTest>
 4ba:	00 97       	sbiw	r24, 0x00	; 0
 4bc:	29 f5       	brne	.+74     	; 0x508 <__vector_11+0xfa>
 4be:	0e 94 26 03 	call	0x64c	; 0x64c <nokia_lcd_clear>
 4c2:	81 e0       	ldi	r24, 0x01	; 1
 4c4:	90 e0       	ldi	r25, 0x00	; 0
 4c6:	90 93 1b 01 	sts	0x011B, r25	; 0x80011b <terminou+0x1>
 4ca:	80 93 1a 01 	sts	0x011A, r24	; 0x80011a <terminou>
 4ce:	ff 91       	pop	r31
 4d0:	ef 91       	pop	r30
 4d2:	bf 91       	pop	r27
 4d4:	af 91       	pop	r26
 4d6:	9f 91       	pop	r25
 4d8:	8f 91       	pop	r24
 4da:	7f 91       	pop	r23
 4dc:	6f 91       	pop	r22
 4de:	5f 91       	pop	r21
 4e0:	4f 91       	pop	r20
 4e2:	3f 91       	pop	r19
 4e4:	2f 91       	pop	r18
 4e6:	0f 90       	pop	r0
 4e8:	0f be       	out	0x3f, r0	; 63
 4ea:	0f 90       	pop	r0
 4ec:	1f 90       	pop	r1
 4ee:	18 95       	reti
 4f0:	27 3d       	cpi	r18, 0xD7	; 215
 4f2:	3f 4f       	sbci	r19, 0xFF	; 255
 4f4:	6c f6       	brge	.-102    	; 0x490 <__vector_11+0x82>
 4f6:	27 ed       	ldi	r18, 0xD7	; 215
 4f8:	3f ef       	ldi	r19, 0xFF	; 255
 4fa:	c6 cf       	rjmp	.-116    	; 0x488 <__vector_11+0x7a>
 4fc:	89 3e       	cpi	r24, 0xE9	; 233
 4fe:	9f 4f       	sbci	r25, 0xFF	; 255
 500:	84 f6       	brge	.-96     	; 0x4a2 <__vector_11+0x94>
 502:	89 ee       	ldi	r24, 0xE9	; 233
 504:	9f ef       	ldi	r25, 0xFF	; 255
 506:	c9 cf       	rjmp	.-110    	; 0x49a <__vector_11+0x8c>
 508:	01 97       	sbiw	r24, 0x01	; 1
 50a:	a9 f4       	brne	.+42     	; 0x536 <__vector_11+0x128>
 50c:	84 e1       	ldi	r24, 0x14	; 20
 50e:	91 e0       	ldi	r25, 0x01	; 1
 510:	0e 94 da 01 	call	0x3b4	; 0x3b4 <removeNodo>
 514:	84 e1       	ldi	r24, 0x14	; 20
 516:	91 e0       	ldi	r25, 0x01	; 1
 518:	0e 94 f3 01 	call	0x3e6	; 0x3e6 <printa>
 51c:	60 91 06 01 	lds	r22, 0x0106	; 0x800106 <frutaY>
 520:	70 91 07 01 	lds	r23, 0x0107	; 0x800107 <frutaY+0x1>
 524:	80 91 08 01 	lds	r24, 0x0108	; 0x800108 <frutaX>
 528:	90 91 09 01 	lds	r25, 0x0109	; 0x800109 <frutaX+0x1>
 52c:	0e 94 43 01 	call	0x286	; 0x286 <start>
 530:	0e 94 15 04 	call	0x82a	; 0x82a <nokia_lcd_render>
 534:	cc cf       	rjmp	.-104    	; 0x4ce <__vector_11+0xc0>
 536:	0e 94 b8 06 	call	0xd70	; 0xd70 <rand>
 53a:	64 e1       	ldi	r22, 0x14	; 20
 53c:	70 e0       	ldi	r23, 0x00	; 0
 53e:	0e 94 00 05 	call	0xa00	; 0xa00 <__divmodhi4>
 542:	9c 01       	movw	r18, r24
 544:	62 e0       	ldi	r22, 0x02	; 2
 546:	70 e0       	ldi	r23, 0x00	; 0
 548:	0e 94 00 05 	call	0xa00	; 0xa00 <__divmodhi4>
 54c:	01 97       	sbiw	r24, 0x01	; 1
 54e:	b1 f0       	breq	.+44     	; 0x57c <__vector_11+0x16e>
 550:	30 93 09 01 	sts	0x0109, r19	; 0x800109 <frutaX+0x1>
 554:	20 93 08 01 	sts	0x0108, r18	; 0x800108 <frutaX>
 558:	0e 94 b8 06 	call	0xd70	; 0xd70 <rand>
 55c:	64 e1       	ldi	r22, 0x14	; 20
 55e:	70 e0       	ldi	r23, 0x00	; 0
 560:	0e 94 00 05 	call	0xa00	; 0xa00 <__divmodhi4>
 564:	9c 01       	movw	r18, r24
 566:	62 e0       	ldi	r22, 0x02	; 2
 568:	70 e0       	ldi	r23, 0x00	; 0
 56a:	0e 94 00 05 	call	0xa00	; 0xa00 <__divmodhi4>
 56e:	01 97       	sbiw	r24, 0x01	; 1
 570:	41 f0       	breq	.+16     	; 0x582 <__vector_11+0x174>
 572:	30 93 07 01 	sts	0x0107, r19	; 0x800107 <frutaY+0x1>
 576:	20 93 06 01 	sts	0x0106, r18	; 0x800106 <frutaY>
 57a:	cc cf       	rjmp	.-104    	; 0x514 <__vector_11+0x106>
 57c:	2f 5f       	subi	r18, 0xFF	; 255
 57e:	3f 4f       	sbci	r19, 0xFF	; 255
 580:	e7 cf       	rjmp	.-50     	; 0x550 <__vector_11+0x142>
 582:	2f 5f       	subi	r18, 0xFF	; 255
 584:	3f 4f       	sbci	r19, 0xFF	; 255
 586:	f5 cf       	rjmp	.-22     	; 0x572 <__vector_11+0x164>

00000588 <write>:
 588:	29 98       	cbi	0x05, 1	; 5
 58a:	66 23       	and	r22, r22
 58c:	a9 f0       	breq	.+42     	; 0x5b8 <write+0x30>
 58e:	2b 9a       	sbi	0x05, 3	; 5
 590:	27 e0       	ldi	r18, 0x07	; 7
 592:	30 e0       	ldi	r19, 0x00	; 0
 594:	90 e0       	ldi	r25, 0x00	; 0
 596:	ac 01       	movw	r20, r24
 598:	02 2e       	mov	r0, r18
 59a:	02 c0       	rjmp	.+4      	; 0x5a0 <write+0x18>
 59c:	55 95       	asr	r21
 59e:	47 95       	ror	r20
 5a0:	0a 94       	dec	r0
 5a2:	e2 f7       	brpl	.-8      	; 0x59c <write+0x14>
 5a4:	40 ff       	sbrs	r20, 0
 5a6:	0a c0       	rjmp	.+20     	; 0x5bc <write+0x34>
 5a8:	2c 9a       	sbi	0x05, 4	; 5
 5aa:	2d 9a       	sbi	0x05, 5	; 5
 5ac:	2d 98       	cbi	0x05, 5	; 5
 5ae:	21 50       	subi	r18, 0x01	; 1
 5b0:	31 09       	sbc	r19, r1
 5b2:	88 f7       	brcc	.-30     	; 0x596 <write+0xe>
 5b4:	29 9a       	sbi	0x05, 1	; 5
 5b6:	08 95       	ret
 5b8:	2b 98       	cbi	0x05, 3	; 5
 5ba:	ea cf       	rjmp	.-44     	; 0x590 <write+0x8>
 5bc:	2c 98       	cbi	0x05, 4	; 5
 5be:	f5 cf       	rjmp	.-22     	; 0x5aa <write+0x22>

000005c0 <write_cmd>:
 5c0:	60 e0       	ldi	r22, 0x00	; 0
 5c2:	0c 94 c4 02 	jmp	0x588	; 0x588 <write>

000005c6 <nokia_lcd_init>:
 5c6:	cf 93       	push	r28
 5c8:	df 93       	push	r29
 5ca:	21 9a       	sbi	0x04, 1	; 4
 5cc:	22 9a       	sbi	0x04, 2	; 4
 5ce:	23 9a       	sbi	0x04, 3	; 4
 5d0:	24 9a       	sbi	0x04, 4	; 4
 5d2:	25 9a       	sbi	0x04, 5	; 4
 5d4:	2a 9a       	sbi	0x05, 2	; 5
 5d6:	29 9a       	sbi	0x05, 1	; 5
 5d8:	8f e3       	ldi	r24, 0x3F	; 63
 5da:	9c e9       	ldi	r25, 0x9C	; 156
 5dc:	01 97       	sbiw	r24, 0x01	; 1
 5de:	f1 f7       	brne	.-4      	; 0x5dc <nokia_lcd_init+0x16>
 5e0:	00 c0       	rjmp	.+0      	; 0x5e2 <nokia_lcd_init+0x1c>
 5e2:	00 00       	nop
 5e4:	2a 98       	cbi	0x05, 2	; 5
 5e6:	9f ef       	ldi	r25, 0xFF	; 255
 5e8:	2a e6       	ldi	r18, 0x6A	; 106
 5ea:	83 e0       	ldi	r24, 0x03	; 3
 5ec:	91 50       	subi	r25, 0x01	; 1
 5ee:	20 40       	sbci	r18, 0x00	; 0
 5f0:	80 40       	sbci	r24, 0x00	; 0
 5f2:	e1 f7       	brne	.-8      	; 0x5ec <nokia_lcd_init+0x26>
 5f4:	00 c0       	rjmp	.+0      	; 0x5f6 <nokia_lcd_init+0x30>
 5f6:	00 00       	nop
 5f8:	2a 9a       	sbi	0x05, 2	; 5
 5fa:	29 98       	cbi	0x05, 1	; 5
 5fc:	81 e2       	ldi	r24, 0x21	; 33
 5fe:	0e 94 e0 02 	call	0x5c0	; 0x5c0 <write_cmd>
 602:	83 e1       	ldi	r24, 0x13	; 19
 604:	0e 94 e0 02 	call	0x5c0	; 0x5c0 <write_cmd>
 608:	86 e0       	ldi	r24, 0x06	; 6
 60a:	0e 94 e0 02 	call	0x5c0	; 0x5c0 <write_cmd>
 60e:	82 ec       	ldi	r24, 0xC2	; 194
 610:	0e 94 e0 02 	call	0x5c0	; 0x5c0 <write_cmd>
 614:	80 e2       	ldi	r24, 0x20	; 32
 616:	0e 94 e0 02 	call	0x5c0	; 0x5c0 <write_cmd>
 61a:	89 e0       	ldi	r24, 0x09	; 9
 61c:	0e 94 e0 02 	call	0x5c0	; 0x5c0 <write_cmd>
 620:	80 e8       	ldi	r24, 0x80	; 128
 622:	0e 94 e0 02 	call	0x5c0	; 0x5c0 <write_cmd>
 626:	80 e4       	ldi	r24, 0x40	; 64
 628:	0e 94 e0 02 	call	0x5c0	; 0x5c0 <write_cmd>
 62c:	c8 ef       	ldi	r28, 0xF8	; 248
 62e:	d1 e0       	ldi	r29, 0x01	; 1
 630:	61 e0       	ldi	r22, 0x01	; 1
 632:	80 e0       	ldi	r24, 0x00	; 0
 634:	0e 94 c4 02 	call	0x588	; 0x588 <write>
 638:	21 97       	sbiw	r28, 0x01	; 1
 63a:	d1 f7       	brne	.-12     	; 0x630 <nokia_lcd_init+0x6a>
 63c:	88 e0       	ldi	r24, 0x08	; 8
 63e:	0e 94 e0 02 	call	0x5c0	; 0x5c0 <write_cmd>
 642:	8c e0       	ldi	r24, 0x0C	; 12
 644:	df 91       	pop	r29
 646:	cf 91       	pop	r28
 648:	0c 94 e0 02 	jmp	0x5c0	; 0x5c0 <write_cmd>

0000064c <nokia_lcd_clear>:
 64c:	80 e8       	ldi	r24, 0x80	; 128
 64e:	0e 94 e0 02 	call	0x5c0	; 0x5c0 <write_cmd>
 652:	80 e4       	ldi	r24, 0x40	; 64
 654:	0e 94 e0 02 	call	0x5c0	; 0x5c0 <write_cmd>
 658:	10 92 56 03 	sts	0x0356, r1	; 0x800356 <nokia_lcd+0x1f8>
 65c:	10 92 57 03 	sts	0x0357, r1	; 0x800357 <nokia_lcd+0x1f9>
 660:	ee e5       	ldi	r30, 0x5E	; 94
 662:	f1 e0       	ldi	r31, 0x01	; 1
 664:	88 ef       	ldi	r24, 0xF8	; 248
 666:	91 e0       	ldi	r25, 0x01	; 1
 668:	df 01       	movw	r26, r30
 66a:	9c 01       	movw	r18, r24
 66c:	1d 92       	st	X+, r1
 66e:	21 50       	subi	r18, 0x01	; 1
 670:	30 40       	sbci	r19, 0x00	; 0
 672:	e1 f7       	brne	.-8      	; 0x66c <nokia_lcd_clear+0x20>
 674:	08 95       	ret

00000676 <nokia_lcd_power>:
 676:	81 11       	cpse	r24, r1
 678:	03 c0       	rjmp	.+6      	; 0x680 <nokia_lcd_power+0xa>
 67a:	84 e2       	ldi	r24, 0x24	; 36
 67c:	0c 94 e0 02 	jmp	0x5c0	; 0x5c0 <write_cmd>
 680:	80 e2       	ldi	r24, 0x20	; 32
 682:	fc cf       	rjmp	.-8      	; 0x67c <nokia_lcd_power+0x6>

00000684 <nokia_lcd_set_pixel>:
 684:	96 2f       	mov	r25, r22
 686:	96 95       	lsr	r25
 688:	96 95       	lsr	r25
 68a:	96 95       	lsr	r25
 68c:	e8 2f       	mov	r30, r24
 68e:	f0 e0       	ldi	r31, 0x00	; 0
 690:	84 e5       	ldi	r24, 0x54	; 84
 692:	98 9f       	mul	r25, r24
 694:	e0 0d       	add	r30, r0
 696:	f1 1d       	adc	r31, r1
 698:	11 24       	eor	r1, r1
 69a:	e2 5a       	subi	r30, 0xA2	; 162
 69c:	fe 4f       	sbci	r31, 0xFE	; 254
 69e:	20 81       	ld	r18, Z
 6a0:	67 70       	andi	r22, 0x07	; 7
 6a2:	81 e0       	ldi	r24, 0x01	; 1
 6a4:	90 e0       	ldi	r25, 0x00	; 0
 6a6:	01 c0       	rjmp	.+2      	; 0x6aa <nokia_lcd_set_pixel+0x26>
 6a8:	88 0f       	add	r24, r24
 6aa:	6a 95       	dec	r22
 6ac:	ea f7       	brpl	.-6      	; 0x6a8 <nokia_lcd_set_pixel+0x24>
 6ae:	44 23       	and	r20, r20
 6b0:	19 f0       	breq	.+6      	; 0x6b8 <nokia_lcd_set_pixel+0x34>
 6b2:	28 2b       	or	r18, r24
 6b4:	20 83       	st	Z, r18
 6b6:	08 95       	ret
 6b8:	80 95       	com	r24
 6ba:	28 23       	and	r18, r24
 6bc:	fb cf       	rjmp	.-10     	; 0x6b4 <nokia_lcd_set_pixel+0x30>

000006be <nokia_lcd_write_char>:
 6be:	8f 92       	push	r8
 6c0:	9f 92       	push	r9
 6c2:	af 92       	push	r10
 6c4:	bf 92       	push	r11
 6c6:	df 92       	push	r13
 6c8:	ef 92       	push	r14
 6ca:	ff 92       	push	r15
 6cc:	0f 93       	push	r16
 6ce:	1f 93       	push	r17
 6d0:	cf 93       	push	r28
 6d2:	df 93       	push	r29
 6d4:	00 d0       	rcall	.+0      	; 0x6d6 <nokia_lcd_write_char+0x18>
 6d6:	00 d0       	rcall	.+0      	; 0x6d8 <nokia_lcd_write_char+0x1a>
 6d8:	0f 92       	push	r0
 6da:	cd b7       	in	r28, 0x3d	; 61
 6dc:	de b7       	in	r29, 0x3e	; 62
 6de:	e8 2f       	mov	r30, r24
 6e0:	f6 2e       	mov	r15, r22
 6e2:	80 32       	cpi	r24, 0x20	; 32
 6e4:	0c f4       	brge	.+2      	; 0x6e8 <nokia_lcd_write_char+0x2a>
 6e6:	4d c0       	rjmp	.+154    	; 0x782 <nokia_lcd_write_char+0xc4>
 6e8:	e0 52       	subi	r30, 0x20	; 32
 6ea:	85 e0       	ldi	r24, 0x05	; 5
 6ec:	e8 02       	muls	r30, r24
 6ee:	b0 01       	movw	r22, r0
 6f0:	11 24       	eor	r1, r1
 6f2:	68 59       	subi	r22, 0x98	; 152
 6f4:	7f 4f       	sbci	r23, 0xFF	; 255
 6f6:	45 e0       	ldi	r20, 0x05	; 5
 6f8:	50 e0       	ldi	r21, 0x00	; 0
 6fa:	ce 01       	movw	r24, r28
 6fc:	01 96       	adiw	r24, 0x01	; 1
 6fe:	0e 94 c8 06 	call	0xd90	; 0xd90 <memcpy_P>
 702:	8e 01       	movw	r16, r28
 704:	0f 5f       	subi	r16, 0xFF	; 255
 706:	1f 4f       	sbci	r17, 0xFF	; 255
 708:	95 e0       	ldi	r25, 0x05	; 5
 70a:	f9 9e       	mul	r15, r25
 70c:	50 01       	movw	r10, r0
 70e:	11 24       	eor	r1, r1
 710:	87 e0       	ldi	r24, 0x07	; 7
 712:	f8 9e       	mul	r15, r24
 714:	40 01       	movw	r8, r0
 716:	11 24       	eor	r1, r1
 718:	e1 2c       	mov	r14, r1
 71a:	ea 14       	cp	r14, r10
 71c:	1b 04       	cpc	r1, r11
 71e:	0c f4       	brge	.+2      	; 0x722 <nokia_lcd_write_char+0x64>
 720:	63 c0       	rjmp	.+198    	; 0x7e8 <nokia_lcd_write_char+0x12a>
 722:	80 91 56 03 	lds	r24, 0x0356	; 0x800356 <nokia_lcd+0x1f8>
 726:	8f 5f       	subi	r24, 0xFF	; 255
 728:	9f 2d       	mov	r25, r15
 72a:	99 0f       	add	r25, r25
 72c:	99 0f       	add	r25, r25
 72e:	9f 0d       	add	r25, r15
 730:	89 0f       	add	r24, r25
 732:	80 93 56 03 	sts	0x0356, r24	; 0x800356 <nokia_lcd+0x1f8>
 736:	84 35       	cpi	r24, 0x54	; 84
 738:	58 f0       	brcs	.+22     	; 0x750 <nokia_lcd_write_char+0x92>
 73a:	80 91 57 03 	lds	r24, 0x0357	; 0x800357 <nokia_lcd+0x1f9>
 73e:	10 92 56 03 	sts	0x0356, r1	; 0x800356 <nokia_lcd+0x1f8>
 742:	8f 5f       	subi	r24, 0xFF	; 255
 744:	97 e0       	ldi	r25, 0x07	; 7
 746:	f9 9e       	mul	r15, r25
 748:	80 0d       	add	r24, r0
 74a:	11 24       	eor	r1, r1
 74c:	80 93 57 03 	sts	0x0357, r24	; 0x800357 <nokia_lcd+0x1f9>
 750:	80 91 57 03 	lds	r24, 0x0357	; 0x800357 <nokia_lcd+0x1f9>
 754:	80 33       	cpi	r24, 0x30	; 48
 756:	20 f0       	brcs	.+8      	; 0x760 <nokia_lcd_write_char+0xa2>
 758:	10 92 56 03 	sts	0x0356, r1	; 0x800356 <nokia_lcd+0x1f8>
 75c:	10 92 57 03 	sts	0x0357, r1	; 0x800357 <nokia_lcd+0x1f9>
 760:	0f 90       	pop	r0
 762:	0f 90       	pop	r0
 764:	0f 90       	pop	r0
 766:	0f 90       	pop	r0
 768:	0f 90       	pop	r0
 76a:	df 91       	pop	r29
 76c:	cf 91       	pop	r28
 76e:	1f 91       	pop	r17
 770:	0f 91       	pop	r16
 772:	ff 90       	pop	r15
 774:	ef 90       	pop	r14
 776:	df 90       	pop	r13
 778:	bf 90       	pop	r11
 77a:	af 90       	pop	r10
 77c:	9f 90       	pop	r9
 77e:	8f 90       	pop	r8
 780:	08 95       	ret
 782:	ee 0f       	add	r30, r30
 784:	ff 0b       	sbc	r31, r31
 786:	e2 5e       	subi	r30, 0xE2	; 226
 788:	fe 4f       	sbci	r31, 0xFE	; 254
 78a:	00 81       	ld	r16, Z
 78c:	11 81       	ldd	r17, Z+1	; 0x01
 78e:	01 15       	cp	r16, r1
 790:	11 05       	cpc	r17, r1
 792:	09 f0       	breq	.+2      	; 0x796 <nokia_lcd_write_char+0xd8>
 794:	b9 cf       	rjmp	.-142    	; 0x708 <nokia_lcd_write_char+0x4a>
 796:	45 e0       	ldi	r20, 0x05	; 5
 798:	50 e0       	ldi	r21, 0x00	; 0
 79a:	68 e6       	ldi	r22, 0x68	; 104
 79c:	70 e0       	ldi	r23, 0x00	; 0
 79e:	ad cf       	rjmp	.-166    	; 0x6fa <nokia_lcd_write_char+0x3c>
 7a0:	ed 0d       	add	r30, r13
 7a2:	5e 0d       	add	r21, r14
 7a4:	8e 2d       	mov	r24, r14
 7a6:	6f 2d       	mov	r22, r15
 7a8:	0e 94 f4 04 	call	0x9e8	; 0x9e8 <__udivmodqi4>
 7ac:	d8 01       	movw	r26, r16
 7ae:	a8 0f       	add	r26, r24
 7b0:	b1 1d       	adc	r27, r1
 7b2:	2c 91       	ld	r18, X
 7b4:	30 e0       	ldi	r19, 0x00	; 0
 7b6:	8d 2d       	mov	r24, r13
 7b8:	0e 94 f4 04 	call	0x9e8	; 0x9e8 <__udivmodqi4>
 7bc:	02 c0       	rjmp	.+4      	; 0x7c2 <nokia_lcd_write_char+0x104>
 7be:	35 95       	asr	r19
 7c0:	27 95       	ror	r18
 7c2:	8a 95       	dec	r24
 7c4:	e2 f7       	brpl	.-8      	; 0x7be <nokia_lcd_write_char+0x100>
 7c6:	41 e0       	ldi	r20, 0x01	; 1
 7c8:	20 ff       	sbrs	r18, 0
 7ca:	40 e0       	ldi	r20, 0x00	; 0
 7cc:	6e 2f       	mov	r22, r30
 7ce:	85 2f       	mov	r24, r21
 7d0:	0e 94 42 03 	call	0x684	; 0x684 <nokia_lcd_set_pixel>
 7d4:	d3 94       	inc	r13
 7d6:	e0 91 57 03 	lds	r30, 0x0357	; 0x800357 <nokia_lcd+0x1f9>
 7da:	50 91 56 03 	lds	r21, 0x0356	; 0x800356 <nokia_lcd+0x1f8>
 7de:	d8 14       	cp	r13, r8
 7e0:	19 04       	cpc	r1, r9
 7e2:	f4 f2       	brlt	.-68     	; 0x7a0 <nokia_lcd_write_char+0xe2>
 7e4:	e3 94       	inc	r14
 7e6:	99 cf       	rjmp	.-206    	; 0x71a <nokia_lcd_write_char+0x5c>
 7e8:	d1 2c       	mov	r13, r1
 7ea:	f5 cf       	rjmp	.-22     	; 0x7d6 <nokia_lcd_write_char+0x118>

000007ec <nokia_lcd_custom>:
 7ec:	e8 2f       	mov	r30, r24
 7ee:	80 32       	cpi	r24, 0x20	; 32
 7f0:	34 f4       	brge	.+12     	; 0x7fe <nokia_lcd_custom+0x12>
 7f2:	ee 0f       	add	r30, r30
 7f4:	ff 0b       	sbc	r31, r31
 7f6:	e2 5e       	subi	r30, 0xE2	; 226
 7f8:	fe 4f       	sbci	r31, 0xFE	; 254
 7fa:	71 83       	std	Z+1, r23	; 0x01
 7fc:	60 83       	st	Z, r22
 7fe:	08 95       	ret

00000800 <nokia_lcd_write_string>:
 800:	1f 93       	push	r17
 802:	cf 93       	push	r28
 804:	df 93       	push	r29
 806:	16 2f       	mov	r17, r22
 808:	ec 01       	movw	r28, r24
 80a:	89 91       	ld	r24, Y+
 80c:	81 11       	cpse	r24, r1
 80e:	04 c0       	rjmp	.+8      	; 0x818 <nokia_lcd_write_string+0x18>
 810:	df 91       	pop	r29
 812:	cf 91       	pop	r28
 814:	1f 91       	pop	r17
 816:	08 95       	ret
 818:	61 2f       	mov	r22, r17
 81a:	0e 94 5f 03 	call	0x6be	; 0x6be <nokia_lcd_write_char>
 81e:	f5 cf       	rjmp	.-22     	; 0x80a <nokia_lcd_write_string+0xa>

00000820 <nokia_lcd_set_cursor>:
 820:	80 93 56 03 	sts	0x0356, r24	; 0x800356 <nokia_lcd+0x1f8>
 824:	60 93 57 03 	sts	0x0357, r22	; 0x800357 <nokia_lcd+0x1f9>
 828:	08 95       	ret

0000082a <nokia_lcd_render>:
 82a:	cf 93       	push	r28
 82c:	df 93       	push	r29
 82e:	80 e8       	ldi	r24, 0x80	; 128
 830:	0e 94 e0 02 	call	0x5c0	; 0x5c0 <write_cmd>
 834:	80 e4       	ldi	r24, 0x40	; 64
 836:	0e 94 e0 02 	call	0x5c0	; 0x5c0 <write_cmd>
 83a:	ce e5       	ldi	r28, 0x5E	; 94
 83c:	d1 e0       	ldi	r29, 0x01	; 1
 83e:	61 e0       	ldi	r22, 0x01	; 1
 840:	89 91       	ld	r24, Y+
 842:	0e 94 c4 02 	call	0x588	; 0x588 <write>
 846:	83 e0       	ldi	r24, 0x03	; 3
 848:	c6 35       	cpi	r28, 0x56	; 86
 84a:	d8 07       	cpc	r29, r24
 84c:	c1 f7       	brne	.-16     	; 0x83e <nokia_lcd_render+0x14>
 84e:	df 91       	pop	r29
 850:	cf 91       	pop	r28
 852:	08 95       	ret

00000854 <main>:
 854:	10 92 17 01 	sts	0x0117, r1	; 0x800117 <corpo+0x3>
 858:	10 92 16 01 	sts	0x0116, r1	; 0x800116 <corpo+0x2>
 85c:	10 92 15 01 	sts	0x0115, r1	; 0x800115 <corpo+0x1>
 860:	10 92 14 01 	sts	0x0114, r1	; 0x800114 <corpo>
 864:	48 e1       	ldi	r20, 0x18	; 24
 866:	50 e0       	ldi	r21, 0x00	; 0
 868:	6b e1       	ldi	r22, 0x1B	; 27
 86a:	70 e0       	ldi	r23, 0x00	; 0
 86c:	84 e1       	ldi	r24, 0x14	; 20
 86e:	91 e0       	ldi	r25, 0x01	; 1
 870:	0e 94 7d 01 	call	0x2fa	; 0x2fa <insert>
 874:	4a e1       	ldi	r20, 0x1A	; 26
 876:	50 e0       	ldi	r21, 0x00	; 0
 878:	6a e1       	ldi	r22, 0x1A	; 26
 87a:	70 e0       	ldi	r23, 0x00	; 0
 87c:	84 e1       	ldi	r24, 0x14	; 20
 87e:	91 e0       	ldi	r25, 0x01	; 1
 880:	0e 94 7d 01 	call	0x2fa	; 0x2fa <insert>
 884:	82 e0       	ldi	r24, 0x02	; 2
 886:	90 e0       	ldi	r25, 0x00	; 0
 888:	90 93 19 01 	sts	0x0119, r25	; 0x800119 <total+0x1>
 88c:	80 93 18 01 	sts	0x0118, r24	; 0x800118 <total>
 890:	f8 94       	cli
 892:	10 92 80 00 	sts	0x0080, r1	; 0x800080 <__TEXT_REGION_LENGTH__+0x7e0080>
 896:	10 92 81 00 	sts	0x0081, r1	; 0x800081 <__TEXT_REGION_LENGTH__+0x7e0081>
 89a:	10 92 85 00 	sts	0x0085, r1	; 0x800085 <__TEXT_REGION_LENGTH__+0x7e0085>
 89e:	10 92 84 00 	sts	0x0084, r1	; 0x800084 <__TEXT_REGION_LENGTH__+0x7e0084>
 8a2:	83 e8       	ldi	r24, 0x83	; 131
 8a4:	9e e1       	ldi	r25, 0x1E	; 30
 8a6:	90 93 89 00 	sts	0x0089, r25	; 0x800089 <__TEXT_REGION_LENGTH__+0x7e0089>
 8aa:	80 93 88 00 	sts	0x0088, r24	; 0x800088 <__TEXT_REGION_LENGTH__+0x7e0088>
 8ae:	80 91 81 00 	lds	r24, 0x0081	; 0x800081 <__TEXT_REGION_LENGTH__+0x7e0081>
 8b2:	88 60       	ori	r24, 0x08	; 8
 8b4:	80 93 81 00 	sts	0x0081, r24	; 0x800081 <__TEXT_REGION_LENGTH__+0x7e0081>
 8b8:	80 91 81 00 	lds	r24, 0x0081	; 0x800081 <__TEXT_REGION_LENGTH__+0x7e0081>
 8bc:	85 60       	ori	r24, 0x05	; 5
 8be:	80 93 81 00 	sts	0x0081, r24	; 0x800081 <__TEXT_REGION_LENGTH__+0x7e0081>
 8c2:	80 91 6f 00 	lds	r24, 0x006F	; 0x80006f <__TEXT_REGION_LENGTH__+0x7e006f>
 8c6:	82 60       	ori	r24, 0x02	; 2
 8c8:	80 93 6f 00 	sts	0x006F, r24	; 0x80006f <__TEXT_REGION_LENGTH__+0x7e006f>
 8cc:	84 b1       	in	r24, 0x04	; 4
 8ce:	8e 77       	andi	r24, 0x7E	; 126
 8d0:	84 b9       	out	0x04, r24	; 4
 8d2:	8a b1       	in	r24, 0x0a	; 10
 8d4:	8f 71       	andi	r24, 0x1F	; 31
 8d6:	8a b9       	out	0x0a, r24	; 10
 8d8:	85 b1       	in	r24, 0x05	; 5
 8da:	8e 77       	andi	r24, 0x7E	; 126
 8dc:	85 b9       	out	0x05, r24	; 5
 8de:	8b b1       	in	r24, 0x0b	; 11
 8e0:	8f 71       	andi	r24, 0x1F	; 31
 8e2:	8b b9       	out	0x0b, r24	; 11
 8e4:	78 94       	sei
 8e6:	0e 94 e3 02 	call	0x5c6	; 0x5c6 <nokia_lcd_init>
 8ea:	0e 94 26 03 	call	0x64c	; 0x64c <nokia_lcd_clear>
 8ee:	c2 e0       	ldi	r28, 0x02	; 2
 8f0:	d0 e0       	ldi	r29, 0x00	; 0
 8f2:	8e ef       	ldi	r24, 0xFE	; 254
 8f4:	e8 2e       	mov	r14, r24
 8f6:	ff 24       	eor	r15, r15
 8f8:	fa 94       	dec	r15
 8fa:	cc 24       	eor	r12, r12
 8fc:	c3 94       	inc	r12
 8fe:	d1 2c       	mov	r13, r1
 900:	18 9b       	sbis	0x03, 0	; 3
 902:	0e c0       	rjmp	.+28     	; 0x920 <__stack+0x21>
 904:	80 91 1c 01 	lds	r24, 0x011C	; 0x80011c <vy>
 908:	90 91 1d 01 	lds	r25, 0x011D	; 0x80011d <vy+0x1>
 90c:	02 96       	adiw	r24, 0x02	; 2
 90e:	41 f0       	breq	.+16     	; 0x920 <__stack+0x21>
 910:	10 92 05 01 	sts	0x0105, r1	; 0x800105 <vx+0x1>
 914:	10 92 04 01 	sts	0x0104, r1	; 0x800104 <vx>
 918:	d0 93 1d 01 	sts	0x011D, r29	; 0x80011d <vy+0x1>
 91c:	c0 93 1c 01 	sts	0x011C, r28	; 0x80011c <vy>
 920:	4e 9b       	sbis	0x09, 6	; 9
 922:	0e c0       	rjmp	.+28     	; 0x940 <__stack+0x41>
 924:	80 91 04 01 	lds	r24, 0x0104	; 0x800104 <vx>
 928:	90 91 05 01 	lds	r25, 0x0105	; 0x800105 <vx+0x1>
 92c:	02 97       	sbiw	r24, 0x02	; 2
 92e:	41 f0       	breq	.+16     	; 0x940 <__stack+0x41>
 930:	10 92 1d 01 	sts	0x011D, r1	; 0x80011d <vy+0x1>
 934:	10 92 1c 01 	sts	0x011C, r1	; 0x80011c <vy>
 938:	f0 92 05 01 	sts	0x0105, r15	; 0x800105 <vx+0x1>
 93c:	e0 92 04 01 	sts	0x0104, r14	; 0x800104 <vx>
 940:	4f 9b       	sbis	0x09, 7	; 9
 942:	0e c0       	rjmp	.+28     	; 0x960 <__stack+0x61>
 944:	80 91 04 01 	lds	r24, 0x0104	; 0x800104 <vx>
 948:	90 91 05 01 	lds	r25, 0x0105	; 0x800105 <vx+0x1>
 94c:	02 96       	adiw	r24, 0x02	; 2
 94e:	41 f0       	breq	.+16     	; 0x960 <__stack+0x61>
 950:	10 92 1d 01 	sts	0x011D, r1	; 0x80011d <vy+0x1>
 954:	10 92 1c 01 	sts	0x011C, r1	; 0x80011c <vy>
 958:	d0 93 05 01 	sts	0x0105, r29	; 0x800105 <vx+0x1>
 95c:	c0 93 04 01 	sts	0x0104, r28	; 0x800104 <vx>
 960:	4d 9b       	sbis	0x09, 5	; 9
 962:	0e c0       	rjmp	.+28     	; 0x980 <__stack+0x81>
 964:	80 91 1c 01 	lds	r24, 0x011C	; 0x80011c <vy>
 968:	90 91 1d 01 	lds	r25, 0x011D	; 0x80011d <vy+0x1>
 96c:	02 97       	sbiw	r24, 0x02	; 2
 96e:	41 f0       	breq	.+16     	; 0x980 <__stack+0x81>
 970:	10 92 05 01 	sts	0x0105, r1	; 0x800105 <vx+0x1>
 974:	10 92 04 01 	sts	0x0104, r1	; 0x800104 <vx>
 978:	f0 92 1d 01 	sts	0x011D, r15	; 0x80011d <vy+0x1>
 97c:	e0 92 1c 01 	sts	0x011C, r14	; 0x80011c <vy>
 980:	1f 9b       	sbis	0x03, 7	; 3
 982:	be cf       	rjmp	.-132    	; 0x900 <__stack+0x1>
 984:	08 e0       	ldi	r16, 0x08	; 8
 986:	10 e0       	ldi	r17, 0x00	; 0
 988:	84 e1       	ldi	r24, 0x14	; 20
 98a:	91 e0       	ldi	r25, 0x01	; 1
 98c:	0e 94 da 01 	call	0x3b4	; 0x3b4 <removeNodo>
 990:	01 50       	subi	r16, 0x01	; 1
 992:	11 09       	sbc	r17, r1
 994:	c9 f7       	brne	.-14     	; 0x988 <__stack+0x89>
 996:	10 92 17 01 	sts	0x0117, r1	; 0x800117 <corpo+0x3>
 99a:	10 92 16 01 	sts	0x0116, r1	; 0x800116 <corpo+0x2>
 99e:	10 92 15 01 	sts	0x0115, r1	; 0x800115 <corpo+0x1>
 9a2:	10 92 14 01 	sts	0x0114, r1	; 0x800114 <corpo>
 9a6:	d0 93 1d 01 	sts	0x011D, r29	; 0x80011d <vy+0x1>
 9aa:	c0 93 1c 01 	sts	0x011C, r28	; 0x80011c <vy>
 9ae:	10 92 05 01 	sts	0x0105, r1	; 0x800105 <vx+0x1>
 9b2:	10 92 04 01 	sts	0x0104, r1	; 0x800104 <vx>
 9b6:	10 92 03 01 	sts	0x0103, r1	; 0x800103 <x+0x1>
 9ba:	10 92 02 01 	sts	0x0102, r1	; 0x800102 <x>
 9be:	10 92 01 01 	sts	0x0101, r1	; 0x800101 <y+0x1>
 9c2:	10 92 00 01 	sts	0x0100, r1	; 0x800100 <y>
 9c6:	50 e0       	ldi	r21, 0x00	; 0
 9c8:	40 e0       	ldi	r20, 0x00	; 0
 9ca:	70 e0       	ldi	r23, 0x00	; 0
 9cc:	60 e0       	ldi	r22, 0x00	; 0
 9ce:	84 e1       	ldi	r24, 0x14	; 20
 9d0:	91 e0       	ldi	r25, 0x01	; 1
 9d2:	0e 94 7d 01 	call	0x2fa	; 0x2fa <insert>
 9d6:	d0 92 19 01 	sts	0x0119, r13	; 0x800119 <total+0x1>
 9da:	c0 92 18 01 	sts	0x0118, r12	; 0x800118 <total>
 9de:	10 92 1b 01 	sts	0x011B, r1	; 0x80011b <terminou+0x1>
 9e2:	10 92 1a 01 	sts	0x011A, r1	; 0x80011a <terminou>
 9e6:	8c cf       	rjmp	.-232    	; 0x900 <__stack+0x1>

000009e8 <__udivmodqi4>:
 9e8:	99 1b       	sub	r25, r25
 9ea:	79 e0       	ldi	r23, 0x09	; 9
 9ec:	04 c0       	rjmp	.+8      	; 0x9f6 <__udivmodqi4_ep>

000009ee <__udivmodqi4_loop>:
 9ee:	99 1f       	adc	r25, r25
 9f0:	96 17       	cp	r25, r22
 9f2:	08 f0       	brcs	.+2      	; 0x9f6 <__udivmodqi4_ep>
 9f4:	96 1b       	sub	r25, r22

000009f6 <__udivmodqi4_ep>:
 9f6:	88 1f       	adc	r24, r24
 9f8:	7a 95       	dec	r23
 9fa:	c9 f7       	brne	.-14     	; 0x9ee <__udivmodqi4_loop>
 9fc:	80 95       	com	r24
 9fe:	08 95       	ret

00000a00 <__divmodhi4>:
 a00:	97 fb       	bst	r25, 7
 a02:	07 2e       	mov	r0, r23
 a04:	16 f4       	brtc	.+4      	; 0xa0a <__divmodhi4+0xa>
 a06:	00 94       	com	r0
 a08:	07 d0       	rcall	.+14     	; 0xa18 <__divmodhi4_neg1>
 a0a:	77 fd       	sbrc	r23, 7
 a0c:	09 d0       	rcall	.+18     	; 0xa20 <__divmodhi4_neg2>
 a0e:	0e 94 14 05 	call	0xa28	; 0xa28 <__udivmodhi4>
 a12:	07 fc       	sbrc	r0, 7
 a14:	05 d0       	rcall	.+10     	; 0xa20 <__divmodhi4_neg2>
 a16:	3e f4       	brtc	.+14     	; 0xa26 <__divmodhi4_exit>

00000a18 <__divmodhi4_neg1>:
 a18:	90 95       	com	r25
 a1a:	81 95       	neg	r24
 a1c:	9f 4f       	sbci	r25, 0xFF	; 255
 a1e:	08 95       	ret

00000a20 <__divmodhi4_neg2>:
 a20:	70 95       	com	r23
 a22:	61 95       	neg	r22
 a24:	7f 4f       	sbci	r23, 0xFF	; 255

00000a26 <__divmodhi4_exit>:
 a26:	08 95       	ret

00000a28 <__udivmodhi4>:
 a28:	aa 1b       	sub	r26, r26
 a2a:	bb 1b       	sub	r27, r27
 a2c:	51 e1       	ldi	r21, 0x11	; 17
 a2e:	07 c0       	rjmp	.+14     	; 0xa3e <__udivmodhi4_ep>

00000a30 <__udivmodhi4_loop>:
 a30:	aa 1f       	adc	r26, r26
 a32:	bb 1f       	adc	r27, r27
 a34:	a6 17       	cp	r26, r22
 a36:	b7 07       	cpc	r27, r23
 a38:	10 f0       	brcs	.+4      	; 0xa3e <__udivmodhi4_ep>
 a3a:	a6 1b       	sub	r26, r22
 a3c:	b7 0b       	sbc	r27, r23

00000a3e <__udivmodhi4_ep>:
 a3e:	88 1f       	adc	r24, r24
 a40:	99 1f       	adc	r25, r25
 a42:	5a 95       	dec	r21
 a44:	a9 f7       	brne	.-22     	; 0xa30 <__udivmodhi4_loop>
 a46:	80 95       	com	r24
 a48:	90 95       	com	r25
 a4a:	bc 01       	movw	r22, r24
 a4c:	cd 01       	movw	r24, r26
 a4e:	08 95       	ret

00000a50 <malloc>:
 a50:	0f 93       	push	r16
 a52:	1f 93       	push	r17
 a54:	cf 93       	push	r28
 a56:	df 93       	push	r29
 a58:	9c 01       	movw	r18, r24
 a5a:	02 97       	sbiw	r24, 0x02	; 2
 a5c:	10 f4       	brcc	.+4      	; 0xa62 <malloc+0x12>
 a5e:	22 e0       	ldi	r18, 0x02	; 2
 a60:	30 e0       	ldi	r19, 0x00	; 0
 a62:	e0 91 58 03 	lds	r30, 0x0358	; 0x800358 <__flp>
 a66:	f0 91 59 03 	lds	r31, 0x0359	; 0x800359 <__flp+0x1>
 a6a:	90 e0       	ldi	r25, 0x00	; 0
 a6c:	80 e0       	ldi	r24, 0x00	; 0
 a6e:	b0 e0       	ldi	r27, 0x00	; 0
 a70:	a0 e0       	ldi	r26, 0x00	; 0
 a72:	30 97       	sbiw	r30, 0x00	; 0
 a74:	91 f4       	brne	.+36     	; 0xa9a <malloc+0x4a>
 a76:	00 97       	sbiw	r24, 0x00	; 0
 a78:	09 f4       	brne	.+2      	; 0xa7c <malloc+0x2c>
 a7a:	45 c0       	rjmp	.+138    	; 0xb06 <malloc+0xb6>
 a7c:	82 1b       	sub	r24, r18
 a7e:	93 0b       	sbc	r25, r19
 a80:	84 30       	cpi	r24, 0x04	; 4
 a82:	91 05       	cpc	r25, r1
 a84:	b8 f5       	brcc	.+110    	; 0xaf4 <malloc+0xa4>
 a86:	8a 81       	ldd	r24, Y+2	; 0x02
 a88:	9b 81       	ldd	r25, Y+3	; 0x03
 a8a:	61 15       	cp	r22, r1
 a8c:	71 05       	cpc	r23, r1
 a8e:	69 f1       	breq	.+90     	; 0xaea <malloc+0x9a>
 a90:	fb 01       	movw	r30, r22
 a92:	93 83       	std	Z+3, r25	; 0x03
 a94:	82 83       	std	Z+2, r24	; 0x02
 a96:	fe 01       	movw	r30, r28
 a98:	11 c0       	rjmp	.+34     	; 0xabc <malloc+0x6c>
 a9a:	40 81       	ld	r20, Z
 a9c:	51 81       	ldd	r21, Z+1	; 0x01
 a9e:	02 81       	ldd	r16, Z+2	; 0x02
 aa0:	13 81       	ldd	r17, Z+3	; 0x03
 aa2:	42 17       	cp	r20, r18
 aa4:	53 07       	cpc	r21, r19
 aa6:	f0 f0       	brcs	.+60     	; 0xae4 <malloc+0x94>
 aa8:	42 17       	cp	r20, r18
 aaa:	53 07       	cpc	r21, r19
 aac:	99 f4       	brne	.+38     	; 0xad4 <malloc+0x84>
 aae:	10 97       	sbiw	r26, 0x00	; 0
 ab0:	61 f0       	breq	.+24     	; 0xaca <malloc+0x7a>
 ab2:	12 96       	adiw	r26, 0x02	; 2
 ab4:	0c 93       	st	X, r16
 ab6:	12 97       	sbiw	r26, 0x02	; 2
 ab8:	13 96       	adiw	r26, 0x03	; 3
 aba:	1c 93       	st	X, r17
 abc:	32 96       	adiw	r30, 0x02	; 2
 abe:	cf 01       	movw	r24, r30
 ac0:	df 91       	pop	r29
 ac2:	cf 91       	pop	r28
 ac4:	1f 91       	pop	r17
 ac6:	0f 91       	pop	r16
 ac8:	08 95       	ret
 aca:	00 93 58 03 	sts	0x0358, r16	; 0x800358 <__flp>
 ace:	10 93 59 03 	sts	0x0359, r17	; 0x800359 <__flp+0x1>
 ad2:	f4 cf       	rjmp	.-24     	; 0xabc <malloc+0x6c>
 ad4:	00 97       	sbiw	r24, 0x00	; 0
 ad6:	19 f0       	breq	.+6      	; 0xade <malloc+0x8e>
 ad8:	48 17       	cp	r20, r24
 ada:	59 07       	cpc	r21, r25
 adc:	18 f4       	brcc	.+6      	; 0xae4 <malloc+0x94>
 ade:	ca 01       	movw	r24, r20
 ae0:	bd 01       	movw	r22, r26
 ae2:	ef 01       	movw	r28, r30
 ae4:	df 01       	movw	r26, r30
 ae6:	f8 01       	movw	r30, r16
 ae8:	c4 cf       	rjmp	.-120    	; 0xa72 <malloc+0x22>
 aea:	90 93 59 03 	sts	0x0359, r25	; 0x800359 <__flp+0x1>
 aee:	80 93 58 03 	sts	0x0358, r24	; 0x800358 <__flp>
 af2:	d1 cf       	rjmp	.-94     	; 0xa96 <malloc+0x46>
 af4:	fe 01       	movw	r30, r28
 af6:	e8 0f       	add	r30, r24
 af8:	f9 1f       	adc	r31, r25
 afa:	21 93       	st	Z+, r18
 afc:	31 93       	st	Z+, r19
 afe:	02 97       	sbiw	r24, 0x02	; 2
 b00:	99 83       	std	Y+1, r25	; 0x01
 b02:	88 83       	st	Y, r24
 b04:	dc cf       	rjmp	.-72     	; 0xabe <malloc+0x6e>
 b06:	80 91 5a 03 	lds	r24, 0x035A	; 0x80035a <__brkval>
 b0a:	90 91 5b 03 	lds	r25, 0x035B	; 0x80035b <__brkval+0x1>
 b0e:	89 2b       	or	r24, r25
 b10:	41 f4       	brne	.+16     	; 0xb22 <malloc+0xd2>
 b12:	80 91 0c 01 	lds	r24, 0x010C	; 0x80010c <__malloc_heap_start>
 b16:	90 91 0d 01 	lds	r25, 0x010D	; 0x80010d <__malloc_heap_start+0x1>
 b1a:	90 93 5b 03 	sts	0x035B, r25	; 0x80035b <__brkval+0x1>
 b1e:	80 93 5a 03 	sts	0x035A, r24	; 0x80035a <__brkval>
 b22:	80 91 0a 01 	lds	r24, 0x010A	; 0x80010a <__malloc_heap_end>
 b26:	90 91 0b 01 	lds	r25, 0x010B	; 0x80010b <__malloc_heap_end+0x1>
 b2a:	00 97       	sbiw	r24, 0x00	; 0
 b2c:	41 f4       	brne	.+16     	; 0xb3e <malloc+0xee>
 b2e:	8d b7       	in	r24, 0x3d	; 61
 b30:	9e b7       	in	r25, 0x3e	; 62
 b32:	40 91 0e 01 	lds	r20, 0x010E	; 0x80010e <__malloc_margin>
 b36:	50 91 0f 01 	lds	r21, 0x010F	; 0x80010f <__malloc_margin+0x1>
 b3a:	84 1b       	sub	r24, r20
 b3c:	95 0b       	sbc	r25, r21
 b3e:	40 91 5a 03 	lds	r20, 0x035A	; 0x80035a <__brkval>
 b42:	50 91 5b 03 	lds	r21, 0x035B	; 0x80035b <__brkval+0x1>
 b46:	48 17       	cp	r20, r24
 b48:	59 07       	cpc	r21, r25
 b4a:	08 f0       	brcs	.+2      	; 0xb4e <malloc+0xfe>
 b4c:	b8 cf       	rjmp	.-144    	; 0xabe <malloc+0x6e>
 b4e:	84 1b       	sub	r24, r20
 b50:	95 0b       	sbc	r25, r21
 b52:	82 17       	cp	r24, r18
 b54:	93 07       	cpc	r25, r19
 b56:	08 f4       	brcc	.+2      	; 0xb5a <malloc+0x10a>
 b58:	b2 cf       	rjmp	.-156    	; 0xabe <malloc+0x6e>
 b5a:	b9 01       	movw	r22, r18
 b5c:	6e 5f       	subi	r22, 0xFE	; 254
 b5e:	7f 4f       	sbci	r23, 0xFF	; 255
 b60:	86 17       	cp	r24, r22
 b62:	97 07       	cpc	r25, r23
 b64:	08 f4       	brcc	.+2      	; 0xb68 <malloc+0x118>
 b66:	ab cf       	rjmp	.-170    	; 0xabe <malloc+0x6e>
 b68:	64 0f       	add	r22, r20
 b6a:	75 1f       	adc	r23, r21
 b6c:	70 93 5b 03 	sts	0x035B, r23	; 0x80035b <__brkval+0x1>
 b70:	60 93 5a 03 	sts	0x035A, r22	; 0x80035a <__brkval>
 b74:	fa 01       	movw	r30, r20
 b76:	21 93       	st	Z+, r18
 b78:	31 93       	st	Z+, r19
 b7a:	a1 cf       	rjmp	.-190    	; 0xabe <malloc+0x6e>

00000b7c <free>:
 b7c:	cf 93       	push	r28
 b7e:	df 93       	push	r29
 b80:	9c 01       	movw	r18, r24
 b82:	00 97       	sbiw	r24, 0x00	; 0
 b84:	e9 f0       	breq	.+58     	; 0xbc0 <free+0x44>
 b86:	fc 01       	movw	r30, r24
 b88:	32 97       	sbiw	r30, 0x02	; 2
 b8a:	13 82       	std	Z+3, r1	; 0x03
 b8c:	12 82       	std	Z+2, r1	; 0x02
 b8e:	c0 91 58 03 	lds	r28, 0x0358	; 0x800358 <__flp>
 b92:	d0 91 59 03 	lds	r29, 0x0359	; 0x800359 <__flp+0x1>
 b96:	de 01       	movw	r26, r28
 b98:	90 e0       	ldi	r25, 0x00	; 0
 b9a:	80 e0       	ldi	r24, 0x00	; 0
 b9c:	20 97       	sbiw	r28, 0x00	; 0
 b9e:	a1 f4       	brne	.+40     	; 0xbc8 <free+0x4c>
 ba0:	80 81       	ld	r24, Z
 ba2:	91 81       	ldd	r25, Z+1	; 0x01
 ba4:	28 0f       	add	r18, r24
 ba6:	39 1f       	adc	r19, r25
 ba8:	80 91 5a 03 	lds	r24, 0x035A	; 0x80035a <__brkval>
 bac:	90 91 5b 03 	lds	r25, 0x035B	; 0x80035b <__brkval+0x1>
 bb0:	82 17       	cp	r24, r18
 bb2:	93 07       	cpc	r25, r19
 bb4:	09 f0       	breq	.+2      	; 0xbb8 <free+0x3c>
 bb6:	67 c0       	rjmp	.+206    	; 0xc86 <free+0x10a>
 bb8:	f0 93 5b 03 	sts	0x035B, r31	; 0x80035b <__brkval+0x1>
 bbc:	e0 93 5a 03 	sts	0x035A, r30	; 0x80035a <__brkval>
 bc0:	df 91       	pop	r29
 bc2:	cf 91       	pop	r28
 bc4:	08 95       	ret
 bc6:	da 01       	movw	r26, r20
 bc8:	ae 17       	cp	r26, r30
 bca:	bf 07       	cpc	r27, r31
 bcc:	08 f0       	brcs	.+2      	; 0xbd0 <free+0x54>
 bce:	41 c0       	rjmp	.+130    	; 0xc52 <free+0xd6>
 bd0:	12 96       	adiw	r26, 0x02	; 2
 bd2:	4d 91       	ld	r20, X+
 bd4:	5c 91       	ld	r21, X
 bd6:	13 97       	sbiw	r26, 0x03	; 3
 bd8:	cd 01       	movw	r24, r26
 bda:	41 15       	cp	r20, r1
 bdc:	51 05       	cpc	r21, r1
 bde:	99 f7       	brne	.-26     	; 0xbc6 <free+0x4a>
 be0:	dc 01       	movw	r26, r24
 be2:	13 96       	adiw	r26, 0x03	; 3
 be4:	fc 93       	st	X, r31
 be6:	ee 93       	st	-X, r30
 be8:	12 97       	sbiw	r26, 0x02	; 2
 bea:	4d 91       	ld	r20, X+
 bec:	5d 91       	ld	r21, X+
 bee:	a4 0f       	add	r26, r20
 bf0:	b5 1f       	adc	r27, r21
 bf2:	ea 17       	cp	r30, r26
 bf4:	fb 07       	cpc	r31, r27
 bf6:	81 f4       	brne	.+32     	; 0xc18 <free+0x9c>
 bf8:	20 81       	ld	r18, Z
 bfa:	31 81       	ldd	r19, Z+1	; 0x01
 bfc:	2e 5f       	subi	r18, 0xFE	; 254
 bfe:	3f 4f       	sbci	r19, 0xFF	; 255
 c00:	24 0f       	add	r18, r20
 c02:	35 1f       	adc	r19, r21
 c04:	dc 01       	movw	r26, r24
 c06:	11 96       	adiw	r26, 0x01	; 1
 c08:	3c 93       	st	X, r19
 c0a:	2e 93       	st	-X, r18
 c0c:	22 81       	ldd	r18, Z+2	; 0x02
 c0e:	33 81       	ldd	r19, Z+3	; 0x03
 c10:	13 96       	adiw	r26, 0x03	; 3
 c12:	3c 93       	st	X, r19
 c14:	2e 93       	st	-X, r18
 c16:	12 97       	sbiw	r26, 0x02	; 2
 c18:	b0 e0       	ldi	r27, 0x00	; 0
 c1a:	a0 e0       	ldi	r26, 0x00	; 0
 c1c:	8a 81       	ldd	r24, Y+2	; 0x02
 c1e:	9b 81       	ldd	r25, Y+3	; 0x03
 c20:	00 97       	sbiw	r24, 0x00	; 0
 c22:	b1 f5       	brne	.+108    	; 0xc90 <free+0x114>
 c24:	fe 01       	movw	r30, r28
 c26:	81 91       	ld	r24, Z+
 c28:	91 91       	ld	r25, Z+
 c2a:	e8 0f       	add	r30, r24
 c2c:	f9 1f       	adc	r31, r25
 c2e:	80 91 5a 03 	lds	r24, 0x035A	; 0x80035a <__brkval>
 c32:	90 91 5b 03 	lds	r25, 0x035B	; 0x80035b <__brkval+0x1>
 c36:	8e 17       	cp	r24, r30
 c38:	9f 07       	cpc	r25, r31
 c3a:	11 f6       	brne	.-124    	; 0xbc0 <free+0x44>
 c3c:	10 97       	sbiw	r26, 0x00	; 0
 c3e:	59 f5       	brne	.+86     	; 0xc96 <free+0x11a>
 c40:	10 92 59 03 	sts	0x0359, r1	; 0x800359 <__flp+0x1>
 c44:	10 92 58 03 	sts	0x0358, r1	; 0x800358 <__flp>
 c48:	d0 93 5b 03 	sts	0x035B, r29	; 0x80035b <__brkval+0x1>
 c4c:	c0 93 5a 03 	sts	0x035A, r28	; 0x80035a <__brkval>
 c50:	b7 cf       	rjmp	.-146    	; 0xbc0 <free+0x44>
 c52:	b3 83       	std	Z+3, r27	; 0x03
 c54:	a2 83       	std	Z+2, r26	; 0x02
 c56:	40 81       	ld	r20, Z
 c58:	51 81       	ldd	r21, Z+1	; 0x01
 c5a:	24 0f       	add	r18, r20
 c5c:	35 1f       	adc	r19, r21
 c5e:	a2 17       	cp	r26, r18
 c60:	b3 07       	cpc	r27, r19
 c62:	71 f4       	brne	.+28     	; 0xc80 <free+0x104>
 c64:	4e 5f       	subi	r20, 0xFE	; 254
 c66:	5f 4f       	sbci	r21, 0xFF	; 255
 c68:	2d 91       	ld	r18, X+
 c6a:	3c 91       	ld	r19, X
 c6c:	11 97       	sbiw	r26, 0x01	; 1
 c6e:	24 0f       	add	r18, r20
 c70:	35 1f       	adc	r19, r21
 c72:	31 83       	std	Z+1, r19	; 0x01
 c74:	20 83       	st	Z, r18
 c76:	12 96       	adiw	r26, 0x02	; 2
 c78:	2d 91       	ld	r18, X+
 c7a:	3c 91       	ld	r19, X
 c7c:	33 83       	std	Z+3, r19	; 0x03
 c7e:	22 83       	std	Z+2, r18	; 0x02
 c80:	00 97       	sbiw	r24, 0x00	; 0
 c82:	09 f0       	breq	.+2      	; 0xc86 <free+0x10a>
 c84:	ad cf       	rjmp	.-166    	; 0xbe0 <free+0x64>
 c86:	f0 93 59 03 	sts	0x0359, r31	; 0x800359 <__flp+0x1>
 c8a:	e0 93 58 03 	sts	0x0358, r30	; 0x800358 <__flp>
 c8e:	98 cf       	rjmp	.-208    	; 0xbc0 <free+0x44>
 c90:	de 01       	movw	r26, r28
 c92:	ec 01       	movw	r28, r24
 c94:	c3 cf       	rjmp	.-122    	; 0xc1c <free+0xa0>
 c96:	13 96       	adiw	r26, 0x03	; 3
 c98:	1c 92       	st	X, r1
 c9a:	1e 92       	st	-X, r1
 c9c:	12 97       	sbiw	r26, 0x02	; 2
 c9e:	d4 cf       	rjmp	.-88     	; 0xc48 <free+0xcc>

00000ca0 <do_rand>:
 ca0:	cf 92       	push	r12
 ca2:	df 92       	push	r13
 ca4:	ef 92       	push	r14
 ca6:	ff 92       	push	r15
 ca8:	cf 93       	push	r28
 caa:	df 93       	push	r29
 cac:	cd b7       	in	r28, 0x3d	; 61
 cae:	de b7       	in	r29, 0x3e	; 62
 cb0:	2a 97       	sbiw	r28, 0x0a	; 10
 cb2:	0f b6       	in	r0, 0x3f	; 63
 cb4:	f8 94       	cli
 cb6:	de bf       	out	0x3e, r29	; 62
 cb8:	0f be       	out	0x3f, r0	; 63
 cba:	cd bf       	out	0x3d, r28	; 61
 cbc:	89 87       	std	Y+9, r24	; 0x09
 cbe:	9a 87       	std	Y+10, r25	; 0x0a
 cc0:	a9 85       	ldd	r26, Y+9	; 0x09
 cc2:	ba 85       	ldd	r27, Y+10	; 0x0a
 cc4:	2d 91       	ld	r18, X+
 cc6:	3d 91       	ld	r19, X+
 cc8:	4d 91       	ld	r20, X+
 cca:	5c 91       	ld	r21, X
 ccc:	29 83       	std	Y+1, r18	; 0x01
 cce:	3a 83       	std	Y+2, r19	; 0x02
 cd0:	4b 83       	std	Y+3, r20	; 0x03
 cd2:	5c 83       	std	Y+4, r21	; 0x04
 cd4:	23 2b       	or	r18, r19
 cd6:	24 2b       	or	r18, r20
 cd8:	25 2b       	or	r18, r21
 cda:	41 f4       	brne	.+16     	; 0xcec <do_rand+0x4c>
 cdc:	24 e2       	ldi	r18, 0x24	; 36
 cde:	39 ed       	ldi	r19, 0xD9	; 217
 ce0:	4b e5       	ldi	r20, 0x5B	; 91
 ce2:	57 e0       	ldi	r21, 0x07	; 7
 ce4:	29 83       	std	Y+1, r18	; 0x01
 ce6:	3a 83       	std	Y+2, r19	; 0x02
 ce8:	4b 83       	std	Y+3, r20	; 0x03
 cea:	5c 83       	std	Y+4, r21	; 0x04
 cec:	69 81       	ldd	r22, Y+1	; 0x01
 cee:	7a 81       	ldd	r23, Y+2	; 0x02
 cf0:	8b 81       	ldd	r24, Y+3	; 0x03
 cf2:	9c 81       	ldd	r25, Y+4	; 0x04
 cf4:	2d e1       	ldi	r18, 0x1D	; 29
 cf6:	33 ef       	ldi	r19, 0xF3	; 243
 cf8:	41 e0       	ldi	r20, 0x01	; 1
 cfa:	50 e0       	ldi	r21, 0x00	; 0
 cfc:	0e 94 d1 06 	call	0xda2	; 0xda2 <__divmodsi4>
 d00:	69 01       	movw	r12, r18
 d02:	7a 01       	movw	r14, r20
 d04:	a7 ea       	ldi	r26, 0xA7	; 167
 d06:	b1 e4       	ldi	r27, 0x41	; 65
 d08:	9b 01       	movw	r18, r22
 d0a:	ac 01       	movw	r20, r24
 d0c:	0e 94 f0 06 	call	0xde0	; 0xde0 <__muluhisi3>
 d10:	69 83       	std	Y+1, r22	; 0x01
 d12:	7a 83       	std	Y+2, r23	; 0x02
 d14:	8b 83       	std	Y+3, r24	; 0x03
 d16:	9c 83       	std	Y+4, r25	; 0x04
 d18:	ac ee       	ldi	r26, 0xEC	; 236
 d1a:	b4 ef       	ldi	r27, 0xF4	; 244
 d1c:	a7 01       	movw	r20, r14
 d1e:	96 01       	movw	r18, r12
 d20:	0e 94 fe 06 	call	0xdfc	; 0xdfc <__mulohisi3>
 d24:	9b 01       	movw	r18, r22
 d26:	ac 01       	movw	r20, r24
 d28:	89 81       	ldd	r24, Y+1	; 0x01
 d2a:	9a 81       	ldd	r25, Y+2	; 0x02
 d2c:	ab 81       	ldd	r26, Y+3	; 0x03
 d2e:	bc 81       	ldd	r27, Y+4	; 0x04
 d30:	82 0f       	add	r24, r18
 d32:	93 1f       	adc	r25, r19
 d34:	a4 1f       	adc	r26, r20
 d36:	b5 1f       	adc	r27, r21
 d38:	b7 ff       	sbrs	r27, 7
 d3a:	03 c0       	rjmp	.+6      	; 0xd42 <do_rand+0xa2>
 d3c:	01 97       	sbiw	r24, 0x01	; 1
 d3e:	a1 09       	sbc	r26, r1
 d40:	b0 48       	sbci	r27, 0x80	; 128
 d42:	e9 85       	ldd	r30, Y+9	; 0x09
 d44:	fa 85       	ldd	r31, Y+10	; 0x0a
 d46:	80 83       	st	Z, r24
 d48:	91 83       	std	Z+1, r25	; 0x01
 d4a:	a2 83       	std	Z+2, r26	; 0x02
 d4c:	b3 83       	std	Z+3, r27	; 0x03
 d4e:	9f 77       	andi	r25, 0x7F	; 127
 d50:	2a 96       	adiw	r28, 0x0a	; 10
 d52:	0f b6       	in	r0, 0x3f	; 63
 d54:	f8 94       	cli
 d56:	de bf       	out	0x3e, r29	; 62
 d58:	0f be       	out	0x3f, r0	; 63
 d5a:	cd bf       	out	0x3d, r28	; 61
 d5c:	df 91       	pop	r29
 d5e:	cf 91       	pop	r28
 d60:	ff 90       	pop	r15
 d62:	ef 90       	pop	r14
 d64:	df 90       	pop	r13
 d66:	cf 90       	pop	r12
 d68:	08 95       	ret

00000d6a <rand_r>:
 d6a:	0e 94 50 06 	call	0xca0	; 0xca0 <do_rand>
 d6e:	08 95       	ret

00000d70 <rand>:
 d70:	80 e1       	ldi	r24, 0x10	; 16
 d72:	91 e0       	ldi	r25, 0x01	; 1
 d74:	0e 94 50 06 	call	0xca0	; 0xca0 <do_rand>
 d78:	08 95       	ret

00000d7a <srand>:
 d7a:	b0 e0       	ldi	r27, 0x00	; 0
 d7c:	a0 e0       	ldi	r26, 0x00	; 0
 d7e:	80 93 10 01 	sts	0x0110, r24	; 0x800110 <next>
 d82:	90 93 11 01 	sts	0x0111, r25	; 0x800111 <next+0x1>
 d86:	a0 93 12 01 	sts	0x0112, r26	; 0x800112 <next+0x2>
 d8a:	b0 93 13 01 	sts	0x0113, r27	; 0x800113 <next+0x3>
 d8e:	08 95       	ret

00000d90 <memcpy_P>:
 d90:	fb 01       	movw	r30, r22
 d92:	dc 01       	movw	r26, r24
 d94:	02 c0       	rjmp	.+4      	; 0xd9a <memcpy_P+0xa>
 d96:	05 90       	lpm	r0, Z+
 d98:	0d 92       	st	X+, r0
 d9a:	41 50       	subi	r20, 0x01	; 1
 d9c:	50 40       	sbci	r21, 0x00	; 0
 d9e:	d8 f7       	brcc	.-10     	; 0xd96 <memcpy_P+0x6>
 da0:	08 95       	ret

00000da2 <__divmodsi4>:
 da2:	05 2e       	mov	r0, r21
 da4:	97 fb       	bst	r25, 7
 da6:	1e f4       	brtc	.+6      	; 0xdae <__divmodsi4+0xc>
 da8:	00 94       	com	r0
 daa:	0e 94 e8 06 	call	0xdd0	; 0xdd0 <__negsi2>
 dae:	57 fd       	sbrc	r21, 7
 db0:	07 d0       	rcall	.+14     	; 0xdc0 <__divmodsi4_neg2>
 db2:	0e 94 03 07 	call	0xe06	; 0xe06 <__udivmodsi4>
 db6:	07 fc       	sbrc	r0, 7
 db8:	03 d0       	rcall	.+6      	; 0xdc0 <__divmodsi4_neg2>
 dba:	4e f4       	brtc	.+18     	; 0xdce <__divmodsi4_exit>
 dbc:	0c 94 e8 06 	jmp	0xdd0	; 0xdd0 <__negsi2>

00000dc0 <__divmodsi4_neg2>:
 dc0:	50 95       	com	r21
 dc2:	40 95       	com	r20
 dc4:	30 95       	com	r19
 dc6:	21 95       	neg	r18
 dc8:	3f 4f       	sbci	r19, 0xFF	; 255
 dca:	4f 4f       	sbci	r20, 0xFF	; 255
 dcc:	5f 4f       	sbci	r21, 0xFF	; 255

00000dce <__divmodsi4_exit>:
 dce:	08 95       	ret

00000dd0 <__negsi2>:
 dd0:	90 95       	com	r25
 dd2:	80 95       	com	r24
 dd4:	70 95       	com	r23
 dd6:	61 95       	neg	r22
 dd8:	7f 4f       	sbci	r23, 0xFF	; 255
 dda:	8f 4f       	sbci	r24, 0xFF	; 255
 ddc:	9f 4f       	sbci	r25, 0xFF	; 255
 dde:	08 95       	ret

00000de0 <__muluhisi3>:
 de0:	0e 94 25 07 	call	0xe4a	; 0xe4a <__umulhisi3>
 de4:	a5 9f       	mul	r26, r21
 de6:	90 0d       	add	r25, r0
 de8:	b4 9f       	mul	r27, r20
 dea:	90 0d       	add	r25, r0
 dec:	a4 9f       	mul	r26, r20
 dee:	80 0d       	add	r24, r0
 df0:	91 1d       	adc	r25, r1
 df2:	11 24       	eor	r1, r1
 df4:	08 95       	ret

00000df6 <__mulshisi3>:
 df6:	b7 ff       	sbrs	r27, 7
 df8:	0c 94 f0 06 	jmp	0xde0	; 0xde0 <__muluhisi3>

00000dfc <__mulohisi3>:
 dfc:	0e 94 f0 06 	call	0xde0	; 0xde0 <__muluhisi3>
 e00:	82 1b       	sub	r24, r18
 e02:	93 0b       	sbc	r25, r19
 e04:	08 95       	ret

00000e06 <__udivmodsi4>:
 e06:	a1 e2       	ldi	r26, 0x21	; 33
 e08:	1a 2e       	mov	r1, r26
 e0a:	aa 1b       	sub	r26, r26
 e0c:	bb 1b       	sub	r27, r27
 e0e:	fd 01       	movw	r30, r26
 e10:	0d c0       	rjmp	.+26     	; 0xe2c <__udivmodsi4_ep>

00000e12 <__udivmodsi4_loop>:
 e12:	aa 1f       	adc	r26, r26
 e14:	bb 1f       	adc	r27, r27
 e16:	ee 1f       	adc	r30, r30
 e18:	ff 1f       	adc	r31, r31
 e1a:	a2 17       	cp	r26, r18
 e1c:	b3 07       	cpc	r27, r19
 e1e:	e4 07       	cpc	r30, r20
 e20:	f5 07       	cpc	r31, r21
 e22:	20 f0       	brcs	.+8      	; 0xe2c <__udivmodsi4_ep>
 e24:	a2 1b       	sub	r26, r18
 e26:	b3 0b       	sbc	r27, r19
 e28:	e4 0b       	sbc	r30, r20
 e2a:	f5 0b       	sbc	r31, r21

00000e2c <__udivmodsi4_ep>:
 e2c:	66 1f       	adc	r22, r22
 e2e:	77 1f       	adc	r23, r23
 e30:	88 1f       	adc	r24, r24
 e32:	99 1f       	adc	r25, r25
 e34:	1a 94       	dec	r1
 e36:	69 f7       	brne	.-38     	; 0xe12 <__udivmodsi4_loop>
 e38:	60 95       	com	r22
 e3a:	70 95       	com	r23
 e3c:	80 95       	com	r24
 e3e:	90 95       	com	r25
 e40:	9b 01       	movw	r18, r22
 e42:	ac 01       	movw	r20, r24
 e44:	bd 01       	movw	r22, r26
 e46:	cf 01       	movw	r24, r30
 e48:	08 95       	ret

00000e4a <__umulhisi3>:
 e4a:	a2 9f       	mul	r26, r18
 e4c:	b0 01       	movw	r22, r0
 e4e:	b3 9f       	mul	r27, r19
 e50:	c0 01       	movw	r24, r0
 e52:	a3 9f       	mul	r26, r19
 e54:	70 0d       	add	r23, r0
 e56:	81 1d       	adc	r24, r1
 e58:	11 24       	eor	r1, r1
 e5a:	91 1d       	adc	r25, r1
 e5c:	b2 9f       	mul	r27, r18
 e5e:	70 0d       	add	r23, r0
 e60:	81 1d       	adc	r24, r1
 e62:	11 24       	eor	r1, r1
 e64:	91 1d       	adc	r25, r1
 e66:	08 95       	ret

00000e68 <_exit>:
 e68:	f8 94       	cli

00000e6a <__stop_program>:
 e6a:	ff cf       	rjmp	.-2      	; 0xe6a <__stop_program>
